# Logfile created on 2014-10-28 04:44:50 +0900 by logger.rb/41954
I, [2014-10-28T04:44:50.359929 #35440]  INFO -- : 0:  blankslate (2.1.2.4) from /Users/sglee/.rvm/gems/ruby-2.0.0-p353/specifications/blankslate-2.1.2.4.gemspec
I, [2014-10-28T04:44:58.660601 #35440]  INFO -- : 0:  hitimes (1.2.2) from /Users/sglee/.rvm/gems/ruby-2.0.0-p353/specifications/hitimes-1.2.2.gemspec
I, [2014-10-28T04:45:01.567194 #35440]  INFO -- : 0:  timers (4.0.1) from /Users/sglee/.rvm/gems/ruby-2.0.0-p353/specifications/timers-4.0.1.gemspec
I, [2014-10-28T04:45:04.217658 #35440]  INFO -- : 0:  celluloid (0.16.0) from /Users/sglee/.rvm/gems/ruby-2.0.0-p353/specifications/celluloid-0.16.0.gemspec
I, [2014-10-28T04:45:08.548848 #35440]  INFO -- : 0:  fast-stemmer (1.0.2) from /Users/sglee/.rvm/gems/ruby-2.0.0-p353/specifications/fast-stemmer-1.0.2.gemspec
I, [2014-10-28T04:45:11.740010 #35440]  INFO -- : 0:  classifier-reborn (2.0.1) from /Users/sglee/.rvm/gems/ruby-2.0.0-p353/specifications/classifier-reborn-2.0.1.gemspec
I, [2014-10-28T04:45:15.007380 #35440]  INFO -- : 0:  coffee-script-source (1.8.0) from /Users/sglee/.rvm/gems/ruby-2.0.0-p353/specifications/coffee-script-source-1.8.0.gemspec
I, [2014-10-28T04:45:17.838831 #35440]  INFO -- : 0:  execjs (2.2.2) from /Users/sglee/.rvm/gems/ruby-2.0.0-p353/specifications/execjs-2.2.2.gemspec
I, [2014-10-28T04:45:20.161849 #35440]  INFO -- : 0:  coffee-script (2.3.0) from /Users/sglee/.rvm/gems/ruby-2.0.0-p353/specifications/coffee-script-2.3.0.gemspec
I, [2014-10-28T04:45:21.755233 #35440]  INFO -- : 0:  colorator (0.1) from /Users/sglee/.rvm/gems/ruby-2.0.0-p353/specifications/colorator-0.1.gemspec
I, [2014-10-28T04:45:23.784983 #35440]  INFO -- : 0:  colored (1.2) from /Users/sglee/.rvm/gems/ruby-2.0.0-p353/specifications/colored-1.2.gemspec
I, [2014-10-28T04:45:36.254328 #35440]  INFO -- : 0:  ffi (1.9.6) from /Users/sglee/.rvm/gems/ruby-2.0.0-p353/specifications/ffi-1.9.6.gemspec
I, [2014-10-28T04:45:39.171261 #35440]  INFO -- : 0:  ethon (0.7.1) from /Users/sglee/.rvm/gems/ruby-2.0.0-p353/specifications/ethon-0.7.1.gemspec
I, [2014-10-28T04:45:41.812424 #35440]  INFO -- : 0:  mercenary (0.3.4) from /Users/sglee/.rvm/gems/ruby-2.0.0-p353/specifications/mercenary-0.3.4.gemspec
I, [2014-10-28T04:45:41.812983 #35440]  INFO -- : 0:  mini_portile (0.6.0) from /Users/sglee/.rvm/gems/ruby-2.0.0-p353/specifications/mini_portile-0.6.0.gemspec
I, [2014-10-28T04:47:58.059862 #35440]  INFO -- : 0:  nokogiri (1.6.3.1) from /Users/sglee/.rvm/gems/ruby-2.0.0-p353/specifications/nokogiri-1.6.3.1.gemspec
I, [2014-10-28T04:48:00.279834 #35440]  INFO -- : 0:  parallel (1.3.3) from /Users/sglee/.rvm/gems/ruby-2.0.0-p353/specifications/parallel-1.3.3.gemspec
I, [2014-10-28T04:48:02.587056 #35440]  INFO -- : 0:  typhoeus (0.6.9) from /Users/sglee/.rvm/gems/ruby-2.0.0-p353/specifications/typhoeus-0.6.9.gemspec
I, [2014-10-28T04:48:04.720348 #35440]  INFO -- : 0:  yell (2.0.5) from /Users/sglee/.rvm/gems/ruby-2.0.0-p353/specifications/yell-2.0.5.gemspec
I, [2014-10-28T04:48:07.952902 #35440]  INFO -- : 0:  html-proofer (1.4.0) from /Users/sglee/.rvm/gems/ruby-2.0.0-p353/specifications/html-proofer-1.4.0.gemspec
I, [2014-10-28T04:48:09.820258 #35440]  INFO -- : 0:  jekyll-coffeescript (1.0.1) from /Users/sglee/.rvm/gems/ruby-2.0.0-p353/specifications/jekyll-coffeescript-1.0.1.gemspec
I, [2014-10-28T04:48:11.403191 #35440]  INFO -- : 0:  jekyll-gist (1.1.0) from /Users/sglee/.rvm/gems/ruby-2.0.0-p353/specifications/jekyll-gist-1.1.0.gemspec
I, [2014-10-28T04:48:13.222289 #35440]  INFO -- : 0:  jekyll-paginate (1.1.0) from /Users/sglee/.rvm/gems/ruby-2.0.0-p353/specifications/jekyll-paginate-1.1.0.gemspec
I, [2014-10-28T04:48:16.530150 #35440]  INFO -- : 0:  sass (3.4.6) from /Users/sglee/.rvm/gems/ruby-2.0.0-p353/specifications/sass-3.4.6.gemspec
I, [2014-10-28T04:48:18.457537 #35440]  INFO -- : 0:  jekyll-sass-converter (1.2.1) from /Users/sglee/.rvm/gems/ruby-2.0.0-p353/specifications/jekyll-sass-converter-1.2.1.gemspec
I, [2014-10-28T04:48:18.458523 #35440]  INFO -- : 0:  rb-fsevent (0.9.4) from /Users/sglee/.rvm/gems/ruby-2.0.0-p353/specifications/rb-fsevent-0.9.4.gemspec
I, [2014-10-28T04:48:18.459567 #35440]  INFO -- : 0:  rb-inotify (0.9.5) from /Users/sglee/.rvm/gems/ruby-2.0.0-p353/specifications/rb-inotify-0.9.5.gemspec
I, [2014-10-28T04:48:20.557669 #35440]  INFO -- : 0:  listen (2.7.11) from /Users/sglee/.rvm/gems/ruby-2.0.0-p353/specifications/listen-2.7.11.gemspec
I, [2014-10-28T04:48:22.141206 #35440]  INFO -- : 0:  jekyll-watch (1.1.1) from /Users/sglee/.rvm/gems/ruby-2.0.0-p353/specifications/jekyll-watch-1.1.1.gemspec
I, [2014-10-28T04:48:25.476313 #35440]  INFO -- : 0:  kramdown (1.5.0) from /Users/sglee/.rvm/gems/ruby-2.0.0-p353/specifications/kramdown-1.5.0.gemspec
I, [2014-10-28T04:48:27.861473 #35440]  INFO -- : 0:  liquid (2.6.1) from /Users/sglee/.rvm/gems/ruby-2.0.0-p353/specifications/liquid-2.6.1.gemspec
I, [2014-10-28T04:48:31.160119 #35440]  INFO -- : 0:  posix-spawn (0.3.9) from /Users/sglee/.rvm/gems/ruby-2.0.0-p353/specifications/posix-spawn-0.3.9.gemspec
I, [2014-10-28T04:48:36.222643 #35440]  INFO -- : 0:  yajl-ruby (1.1.0) from /Users/sglee/.rvm/gems/ruby-2.0.0-p353/specifications/yajl-ruby-1.1.0.gemspec
I, [2014-10-28T04:48:43.317916 #35440]  INFO -- : 0:  pygments.rb (0.6.0) from /Users/sglee/.rvm/gems/ruby-2.0.0-p353/specifications/pygments.rb-0.6.0.gemspec
I, [2014-10-28T04:48:48.036373 #35440]  INFO -- : 0:  redcarpet (3.2.0) from /Users/sglee/.rvm/gems/ruby-2.0.0-p353/specifications/redcarpet-3.2.0.gemspec
I, [2014-10-28T04:48:50.147697 #35440]  INFO -- : 0:  safe_yaml (1.0.4) from /Users/sglee/.rvm/gems/ruby-2.0.0-p353/specifications/safe_yaml-1.0.4.gemspec
I, [2014-10-28T04:48:52.883612 #35440]  INFO -- : 0:  parslet (1.5.0) from /Users/sglee/.rvm/gems/ruby-2.0.0-p353/specifications/parslet-1.5.0.gemspec
I, [2014-10-28T04:48:54.682695 #35440]  INFO -- : 0:  toml (0.1.2) from /Users/sglee/.rvm/gems/ruby-2.0.0-p353/specifications/toml-0.1.2.gemspec
I, [2014-10-28T04:48:56.957440 #35440]  INFO -- : 0:  jekyll (2.4.0) from /Users/sglee/.rvm/gems/ruby-2.0.0-p353/specifications/jekyll-2.4.0.gemspec
I, [2014-10-28T04:49:00.655534 #35440]  INFO -- : 0:  jekyll-sitemap (0.6.1) from /Users/sglee/.rvm/gems/ruby-2.0.0-p353/specifications/jekyll-sitemap-0.6.1.gemspec
I, [2014-10-28T04:49:02.466493 #35440]  INFO -- : 0:  octopress-hooks (2.2.1) from /Users/sglee/.rvm/gems/ruby-2.0.0-p353/specifications/octopress-hooks-2.2.1.gemspec
I, [2014-10-28T04:49:04.475322 #35440]  INFO -- : 0:  octopress-escape-code (1.0.2) from /Users/sglee/.rvm/gems/ruby-2.0.0-p353/specifications/octopress-escape-code-1.0.2.gemspec
I, [2014-10-28T04:49:06.461377 #35440]  INFO -- : 0:  octopress-docs (0.0.9) from /Users/sglee/.rvm/gems/ruby-2.0.0-p353/specifications/octopress-docs-0.0.9.gemspec
I, [2014-10-28T04:49:08.445708 #35440]  INFO -- : 0:  octopress-deploy (1.0.0) from /Users/sglee/.rvm/gems/ruby-2.0.0-p353/specifications/octopress-deploy-1.0.0.gemspec
I, [2014-10-28T04:49:10.538865 #35440]  INFO -- : 0:  titlecase (0.1.1) from /Users/sglee/.rvm/gems/ruby-2.0.0-p353/specifications/titlecase-0.1.1.gemspec
I, [2014-10-28T04:49:12.635437 #35440]  INFO -- : 0:  octopress (3.0.0.rc.15) from /Users/sglee/.rvm/gems/ruby-2.0.0-p353/specifications/octopress-3.0.0.rc.15.gemspec
I, [2014-10-28T04:49:12.636168 #35440]  INFO -- : 0:  bundler (1.5.1) from /Users/sglee/.rvm/gems/ruby-2.0.0-p353@global/specifications/bundler-1.5.1.gemspec
